2024-12-25 21:00:40.9663|ERROR| 程序初始化错误 System.Exception: Endpoint Titanium.Web.Proxy.Models.ExplicitProxyEndPoint failed to start. Check inner exception and exception data for details. ---> System.Net.Sockets.SocketException: 通常每个套接字地址(协议/网络地址/端口)只允许使用一次。
   在 System.Net.Sockets.Socket.DoBind(EndPoint endPointSnapshot, SocketAddress socketAddress)
   在 System.Net.Sockets.Socket.Bind(EndPoint localEP)
   在 System.Net.Sockets.TcpListener.Start(Int32 backlog)
   在 System.Net.Sockets.TcpListener.Start()
   在 Titanium.Web.Proxy.ProxyServer.Listen(ProxyEndPoint endPoint)
   --- 内部异常堆栈跟踪的结尾 ---
   在 Titanium.Web.Proxy.ProxyServer.Listen(ProxyEndPoint endPoint)
   在 Titanium.Web.Proxy.ProxyServer.Start(Boolean changeSystemProxySettings)
   在 BarrageGrab.Proxy.TitaniumProxy.Start()
   在 BarrageGrab.WsBarrageServer.StartListen()
   在 BarrageGrab.Program.Init()
   在 BarrageGrab.Program.Main(String[] args) 


2024-12-25 21:01:01.6707|ERROR| 程序初始化错误 System.Exception: Endpoint Titanium.Web.Proxy.Models.ExplicitProxyEndPoint failed to start. Check inner exception and exception data for details. ---> System.Net.Sockets.SocketException: 通常每个套接字地址(协议/网络地址/端口)只允许使用一次。
   在 System.Net.Sockets.Socket.DoBind(EndPoint endPointSnapshot, SocketAddress socketAddress)
   在 System.Net.Sockets.Socket.Bind(EndPoint localEP)
   在 System.Net.Sockets.TcpListener.Start(Int32 backlog)
   在 System.Net.Sockets.TcpListener.Start()
   在 Titanium.Web.Proxy.ProxyServer.Listen(ProxyEndPoint endPoint)
   --- 内部异常堆栈跟踪的结尾 ---
   在 Titanium.Web.Proxy.ProxyServer.Listen(ProxyEndPoint endPoint)
   在 Titanium.Web.Proxy.ProxyServer.Start(Boolean changeSystemProxySettings)
   在 BarrageGrab.Proxy.TitaniumProxy.Start()
   在 BarrageGrab.WsBarrageServer.StartListen()
   在 BarrageGrab.Program.Init()
   在 BarrageGrab.Program.Main(String[] args) 


2024-12-25 21:01:27.3404|ERROR| 程序初始化错误 System.Exception: Endpoint Titanium.Web.Proxy.Models.ExplicitProxyEndPoint failed to start. Check inner exception and exception data for details. ---> System.Net.Sockets.SocketException: 通常每个套接字地址(协议/网络地址/端口)只允许使用一次。
   在 System.Net.Sockets.Socket.DoBind(EndPoint endPointSnapshot, SocketAddress socketAddress)
   在 System.Net.Sockets.Socket.Bind(EndPoint localEP)
   在 System.Net.Sockets.TcpListener.Start(Int32 backlog)
   在 System.Net.Sockets.TcpListener.Start()
   在 Titanium.Web.Proxy.ProxyServer.Listen(ProxyEndPoint endPoint)
   --- 内部异常堆栈跟踪的结尾 ---
   在 Titanium.Web.Proxy.ProxyServer.Listen(ProxyEndPoint endPoint)
   在 Titanium.Web.Proxy.ProxyServer.Start(Boolean changeSystemProxySettings)
   在 BarrageGrab.Proxy.TitaniumProxy.Start()
   在 BarrageGrab.WsBarrageServer.StartListen()
   在 BarrageGrab.Program.Init()
   在 BarrageGrab.Program.Main(String[] args) 


2024-12-25 21:02:27.4702|ERROR| 程序初始化错误 System.Exception: Endpoint Titanium.Web.Proxy.Models.ExplicitProxyEndPoint failed to start. Check inner exception and exception data for details. ---> System.Net.Sockets.SocketException: 通常每个套接字地址(协议/网络地址/端口)只允许使用一次。
   在 System.Net.Sockets.Socket.DoBind(EndPoint endPointSnapshot, SocketAddress socketAddress)
   在 System.Net.Sockets.Socket.Bind(EndPoint localEP)
   在 System.Net.Sockets.TcpListener.Start(Int32 backlog)
   在 System.Net.Sockets.TcpListener.Start()
   在 Titanium.Web.Proxy.ProxyServer.Listen(ProxyEndPoint endPoint)
   --- 内部异常堆栈跟踪的结尾 ---
   在 Titanium.Web.Proxy.ProxyServer.Listen(ProxyEndPoint endPoint)
   在 Titanium.Web.Proxy.ProxyServer.Start(Boolean changeSystemProxySettings)
   在 BarrageGrab.Proxy.TitaniumProxy.Start()
   在 BarrageGrab.WsBarrageServer.StartListen()
   在 BarrageGrab.Program.Init()
   在 BarrageGrab.Program.Main(String[] args) 


2024-12-25 22:01:17.2592|ERROR| 程序初始化错误 System.TypeInitializationException: “BarrageGrab.AppSetting”的类型初始值设定项引发异常。 ---> System.Exception: 串口配置格式错误，索引超出了数组界限。 ---> System.IndexOutOfRangeException: 索引超出了数组界限。
   在 BarrageGrab.AppSetting.ConfigComPort()
   --- 内部异常堆栈跟踪的结尾 ---
   在 BarrageGrab.AppSetting..ctor()
   在 BarrageGrab.AppSetting..cctor()
   --- 内部异常堆栈跟踪的结尾 ---
   在 BarrageGrab.AppSetting.get_Current()
   在 BarrageGrab.Proxy.TitaniumProxy..ctor()
   在 BarrageGrab.WssBarrageGrab..ctor()
   在 BarrageGrab.WsBarrageServer..ctor()
   在 BarrageGrab.AppRuntime.Init()
   在 BarrageGrab.Program.Init()
   在 BarrageGrab.Program.Main(String[] args) 


2024-12-25 22:01:43.1227|ERROR| 程序初始化错误 System.TypeInitializationException: “BarrageGrab.AppSetting”的类型初始值设定项引发异常。 ---> System.Exception: 串口配置格式错误，索引超出了数组界限。 ---> System.IndexOutOfRangeException: 索引超出了数组界限。
   在 BarrageGrab.AppSetting.ConfigComPort()
   --- 内部异常堆栈跟踪的结尾 ---
   在 BarrageGrab.AppSetting..ctor()
   在 BarrageGrab.AppSetting..cctor()
   --- 内部异常堆栈跟踪的结尾 ---
   在 BarrageGrab.AppSetting.get_Current()
   在 BarrageGrab.Proxy.TitaniumProxy..ctor()
   在 BarrageGrab.WssBarrageGrab..ctor()
   在 BarrageGrab.WsBarrageServer..ctor()
   在 BarrageGrab.AppRuntime.Init()
   在 BarrageGrab.Program.Init()
   在 BarrageGrab.Program.Main(String[] args) 


